[    0.000000] Initializing cgroup subsys cpuset
[    0.000000] Initializing cgroup subsys cpu
[    0.000000] Initializing cgroup subsys cpuacct
[    0.000000] Linux version 4.4.0-157-generic (buildd@lgw01-amd64-037) (gcc version 5.4.0 20160609 (Ubuntu 5.4.0-6ubuntu1~16.04.10) ) #185-Ubuntu SMP Tue Jul 23 09:17:01 UTC 2019 (Ubuntu 4.4.0-157.185-generic 4.4.181)
[    0.000000] Command line: BOOT_IMAGE=/boot/vmlinuz-4.4.0-157-generic root=LABEL=cloudimg-rootfs ro console=tty1 console=ttyS0
[    0.000000] KERNEL supported cpus:
[    0.000000]   Intel GenuineIntel
[    0.000000]   AMD AuthenticAMD
[    0.000000]   Centaur CentaurHauls
[    0.000000] x86/fpu: xstate_offset[2]:  576, xstate_sizes[2]:  256
[    0.000000] x86/fpu: Supporting XSAVE feature 0x01: 'x87 floating point registers'
[    0.000000] x86/fpu: Supporting XSAVE feature 0x02: 'SSE registers'
[    0.000000] x86/fpu: Supporting XSAVE feature 0x04: 'AVX registers'
[    0.000000] x86/fpu: Enabled xstate features 0x7, context size is 832 bytes, using 'standard' format.
[    0.000000] e820: BIOS-provided physical RAM map:
[    0.000000] BIOS-e820: [mem 0x0000000000000000-0x000000000009fbff] usable
[    0.000000] BIOS-e820: [mem 0x000000000009fc00-0x000000000009ffff] reserved
[    0.000000] BIOS-e820: [mem 0x00000000000f0000-0x00000000000fffff] reserved
[    0.000000] BIOS-e820: [mem 0x0000000000100000-0x000000003ffeffff] usable
[    0.000000] BIOS-e820: [mem 0x000000003fff0000-0x000000003fffffff] ACPI data
[    0.000000] BIOS-e820: [mem 0x00000000fec00000-0x00000000fec00fff] reserved
[    0.000000] BIOS-e820: [mem 0x00000000fee00000-0x00000000fee00fff] reserved
[    0.000000] BIOS-e820: [mem 0x00000000fffc0000-0x00000000ffffffff] reserved
[    0.000000] NX (Execute Disable) protection: active
[    0.000000] SMBIOS 2.5 present.
[    0.000000] Hypervisor detected: KVM
[    0.000000] e820: last_pfn = 0x3fff0 max_arch_pfn = 0x400000000
[    0.000000] MTRR: Disabled
[    0.000000] x86/PAT: MTRRs disabled, skipping PAT initialization too.
[    0.000000] CPU MTRRs all blank - virtualized system.
[    0.000000] x86/PAT: Configuration [0-7]: WB  WT  UC- UC  WB  WT  UC- UC  
[    0.000000] found SMP MP-table at [mem 0x0009fff0-0x0009ffff] mapped at [ffff88000009fff0]
[    0.000000] Scanning 1 areas for low memory corruption
[    0.000000] RAMDISK: [mem 0x362fc000-0x37175fff]
[    0.000000] ACPI: Early table checksum verification disabled
[    0.000000] ACPI: RSDP 0x00000000000E0000 000024 (v02 VBOX  )
[    0.000000] ACPI: XSDT 0x000000003FFF0030 00003C (v01 VBOX   VBOXXSDT 00000001 ASL  00000061)
[    0.000000] ACPI: FACP 0x000000003FFF00F0 0000F4 (v04 VBOX   VBOXFACP 00000001 ASL  00000061)
[    0.000000] ACPI: DSDT 0x000000003FFF0470 0022EA (v02 VBOX   VBOXBIOS 00000002 INTL 20100528)
[    0.000000] ACPI: FACS 0x000000003FFF0200 000040
[    0.000000] ACPI: FACS 0x000000003FFF0200 000040
[    0.000000] ACPI: APIC 0x000000003FFF0240 00005C (v02 VBOX   VBOXAPIC 00000001 ASL  00000061)
[    0.000000] ACPI: SSDT 0x000000003FFF02A0 0001CC (v01 VBOX   VBOXCPUT 00000002 INTL 20100528)
[    0.000000] No NUMA configuration found
[    0.000000] Faking a node at [mem 0x0000000000000000-0x000000003ffeffff]
[    0.000000] NODE_DATA(0) allocated [mem 0x3ffeb000-0x3ffeffff]
[    0.000000] kvm-clock: Using msrs 4b564d01 and 4b564d00
[    0.000000] kvm-clock: cpu 0, msr 0:3ffe3001, primary cpu clock
[    0.000000] kvm-clock: using sched offset of 3774911998 cycles
[    0.000000] clocksource: kvm-clock: mask: 0xffffffffffffffff max_cycles: 0x1cd42e4dffb, max_idle_ns: 881590591483 ns
[    0.000000] Zone ranges:
[    0.000000]   DMA      [mem 0x0000000000001000-0x0000000000ffffff]
[    0.000000]   DMA32    [mem 0x0000000001000000-0x000000003ffeffff]
[    0.000000]   Normal   empty
[    0.000000]   Device   empty
[    0.000000] Movable zone start for each node
[    0.000000] Early memory node ranges
[    0.000000]   node   0: [mem 0x0000000000001000-0x000000000009efff]
[    0.000000]   node   0: [mem 0x0000000000100000-0x000000003ffeffff]
[    0.000000] Initmem setup node 0 [mem 0x0000000000001000-0x000000003ffeffff]
[    0.000000] ACPI: PM-Timer IO Port: 0x4008
[    0.000000] IOAPIC[0]: apic_id 2, version 32, address 0xfec00000, GSI 0-23
[    0.000000] ACPI: INT_SRC_OVR (bus 0 bus_irq 0 global_irq 2 dfl dfl)
[    0.000000] ACPI: INT_SRC_OVR (bus 0 bus_irq 9 global_irq 9 low level)
[    0.000000] Using ACPI (MADT) for SMP configuration information
[    0.000000] smpboot: Allowing 2 CPUs, 0 hotplug CPUs
[    0.000000] PM: Registered nosave memory: [mem 0x00000000-0x00000fff]
[    0.000000] PM: Registered nosave memory: [mem 0x0009f000-0x0009ffff]
[    0.000000] PM: Registered nosave memory: [mem 0x000a0000-0x000effff]
[    0.000000] PM: Registered nosave memory: [mem 0x000f0000-0x000fffff]
[    0.000000] e820: [mem 0x40000000-0xfebfffff] available for PCI devices
[    0.000000] Booting paravirtualized kernel on KVM
[    0.000000] clocksource: refined-jiffies: mask: 0xffffffff max_cycles: 0xffffffff, max_idle_ns: 7645519600211568 ns
[    0.000000] setup_percpu: NR_CPUS:512 nr_cpumask_bits:512 nr_cpu_ids:2 nr_node_ids:1
[    0.000000] PERCPU: Embedded 34 pages/cpu @ffff88003fc00000 s99544 r8192 d31528 u1048576
[    0.000000] Built 1 zonelists in Node order, mobility grouping on.  Total pages: 257912
[    0.000000] Policy zone: DMA32
[    0.000000] Kernel command line: BOOT_IMAGE=/boot/vmlinuz-4.4.0-157-generic root=LABEL=cloudimg-rootfs ro console=tty1 console=ttyS0
[    0.000000] PID hash table entries: 4096 (order: 3, 32768 bytes)
[    0.000000] Memory: 997736K/1048120K available (8618K kernel code, 1335K rwdata, 4032K rodata, 1484K init, 1284K bss, 50384K reserved, 0K cma-reserved)
[    0.000000] SLUB: HWalign=64, Order=0-3, MinObjects=0, CPUs=2, Nodes=1
[    0.000000] Kernel/User page tables isolation: enabled
[    0.000000] Hierarchical RCU implementation.
[    0.000000] 	Build-time adjustment of leaf fanout to 64.
[    0.000000] 	RCU restricting CPUs from NR_CPUS=512 to nr_cpu_ids=2.
[    0.000000] RCU: Adjusting geometry for rcu_fanout_leaf=64, nr_cpu_ids=2
[    0.000000] NR_IRQS:33024 nr_irqs:440 16
[    0.000000] Console: colour VGA+ 80x25
[    0.000000] console [tty1] enabled
[    0.000000] console [ttyS0] enabled
[    0.000000] tsc: Detected 2712.002 MHz processor
[    0.240833] Calibrating delay loop (skipped) preset value.. 5424.00 BogoMIPS (lpj=10848008)
[    0.244688] pid_max: default: 32768 minimum: 301
[    0.246369] ACPI: Core revision 20150930
[    0.250098] ACPI: 2 ACPI AML tables successfully acquired and loaded
[    0.252306] Security Framework initialized
[    0.253882] Yama: becoming mindful.
[    0.255244] AppArmor: AppArmor initialized
[    0.257677] Dentry cache hash table entries: 131072 (order: 8, 1048576 bytes)
[    0.263917] Inode-cache hash table entries: 65536 (order: 7, 524288 bytes)
[    0.266609] Mount-cache hash table entries: 2048 (order: 2, 16384 bytes)
[    0.269092] Mountpoint-cache hash table entries: 2048 (order: 2, 16384 bytes)
[    0.272086] Initializing cgroup subsys io
[    0.274131] Initializing cgroup subsys memory
[    0.275544] Initializing cgroup subsys devices
[    0.277067] Initializing cgroup subsys freezer
[    0.278239] Initializing cgroup subsys net_cls
[    0.279437] Initializing cgroup subsys perf_event
[    0.280685] Initializing cgroup subsys net_prio
[    0.282035] Initializing cgroup subsys hugetlb
[    0.283364] Initializing cgroup subsys pids
[    0.285846] mce: CPU supports 0 MCE banks
[    0.287015] Last level iTLB entries: 4KB 64, 2MB 8, 4MB 8
[    0.288369] Last level dTLB entries: 4KB 64, 2MB 0, 4MB 0, 1GB 4
[    0.290141] Spectre V2 : Mitigation: Full generic retpoline
[    0.292393] Spectre V2 : Spectre v2 / SpectreRSB mitigation: Filling RSB on context switch
[    0.294539] Speculative Store Bypass: Vulnerable
[    0.295818] MDS: Vulnerable: Clear CPU buffers attempted, no microcode
[    0.301163] Freeing SMP alternatives memory: 36K
[    0.311174] ftrace: allocating 32312 entries in 127 pages
[    0.394697] smpboot: APIC(0) Converting physical 0 to logical package 0
[    0.396320] smpboot: Max logical packages: 1
[    0.397836] x2apic enabled
[    0.399121] Switched APIC routing to physical x2apic.
[    0.401979] ..TIMER: vector=0x30 apic1=0 pin1=2 apic2=-1 pin2=-1
[    0.510322] smpboot: CPU0: Intel(R) Core(TM) i5-7200U CPU @ 2.50GHz (family: 0x6, model: 0x8e, stepping: 0x9)
[    0.514594] Performance Events: unsupported p6 CPU model 142 no PMU driver, software events only.
[    0.531334] KVM setup paravirtual spinlock
[    0.533229] x86: Booting SMP configuration:
[    0.534387] .... node  #0, CPUs:      #1
[    0.535590] kvm-clock: cpu 1, msr 0:3ffe3041, secondary cpu clock
[    0.537933] mce: CPU supports 0 MCE banks
[    0.542283] x86: Booted up 1 node, 2 CPUs
[    0.544341] smpboot: Total of 2 processors activated (10848.00 BogoMIPS)
[    0.547417] devtmpfs: initialized
[    0.551535] evm: security.selinux
[    0.552657] evm: security.SMACK64
[    0.553612] evm: security.SMACK64EXEC
[    0.554813] evm: security.SMACK64TRANSMUTE
[    0.556210] evm: security.SMACK64MMAP
[    0.557920] evm: security.ima
[    0.559662] evm: security.capability
[    0.561330] clocksource: jiffies: mask: 0xffffffff max_cycles: 0xffffffff, max_idle_ns: 7645041785100000 ns
[    0.564765] futex hash table entries: 512 (order: 3, 32768 bytes)
[    0.567040] pinctrl core: initialized pinctrl subsystem
[    0.569064] RTC time: 15:57:46, date: 07/31/19
[    0.570894] NET: Registered protocol family 16
[    0.583450] cpuidle: using governor ladder
[    0.596154] cpuidle: using governor menu
[    0.597820] PCCT header not found.
[    0.599698] ACPI: bus type PCI registered
[    0.602075] acpiphp: ACPI Hot Plug PCI Controller Driver version: 0.5
[    0.604677] PCI: Using configuration type 1 for base access
[    0.620165] ACPI: Added _OSI(Module Device)
[    0.621592] ACPI: Added _OSI(Processor Device)
[    0.623545] ACPI: Added _OSI(3.0 _SCP Extensions)
[    0.626102] ACPI: Added _OSI(Processor Aggregator Device)
[    0.628776] ACPI: Executed 1 blocks of module-level executable AML code
[    0.634486] ACPI: Interpreter enabled
[    0.635824] ACPI: (supports S0 S5)
[    0.637015] ACPI: Using IOAPIC for interrupt routing
[    0.639024] PCI: Using host bridge windows from ACPI; if necessary, use "pci=nocrs" and report a bug
[    0.648648] ACPI: PCI Root Bridge [PCI0] (domain 0000 [bus 00-ff])
[    0.651254] acpi PNP0A03:00: _OSC: OS supports [ASPM ClockPM Segments MSI]
[    0.654612] acpi PNP0A03:00: _OSC: not requesting OS control; OS requires [ExtendedConfig ASPM ClockPM MSI]
[    0.659405] acpi PNP0A03:00: fail to add MMCONFIG information, can't access extended PCI configuration space under this bridge.
[    0.663777] PCI host bridge to bus 0000:00
[    0.665448] pci_bus 0000:00: root bus resource [io  0x0000-0x0cf7 window]
[    0.667625] pci_bus 0000:00: root bus resource [io  0x0d00-0xffff window]
[    0.670030] pci_bus 0000:00: root bus resource [mem 0x000a0000-0x000bffff window]
[    0.673460] pci_bus 0000:00: root bus resource [mem 0x40000000-0xfdffffff window]
[    0.677250] pci_bus 0000:00: root bus resource [bus 00-ff]
[    0.682193] pci 0000:00:01.1: legacy IDE quirk: reg 0x10: [io  0x01f0-0x01f7]
[    0.684520] pci 0000:00:01.1: legacy IDE quirk: reg 0x14: [io  0x03f6]
[    0.687015] pci 0000:00:01.1: legacy IDE quirk: reg 0x18: [io  0x0170-0x0177]
[    0.689804] pci 0000:00:01.1: legacy IDE quirk: reg 0x1c: [io  0x0376]
[    0.721829] pci 0000:00:07.0: quirk: [io  0x4000-0x403f] claimed by PIIX4 ACPI
[    0.740961] pci 0000:00:07.0: quirk: [io  0x4100-0x410f] claimed by PIIX4 SMB
[    0.751304] ACPI: PCI Interrupt Link [LNKA] (IRQs 5 9 10 *11)
[    0.754749] ACPI: PCI Interrupt Link [LNKB] (IRQs 5 9 *10 11)
[    0.758711] ACPI: PCI Interrupt Link [LNKC] (IRQs 5 *9 10 11)
[    0.762799] ACPI: PCI Interrupt Link [LNKD] (IRQs 5 9 10 *11)
[    0.766089] ACPI: Enabled 2 GPEs in block 00 to 07
[    0.768103] vgaarb: setting as boot device: PCI:0000:00:02.0
[    0.769534] vgaarb: device added: PCI:0000:00:02.0,decodes=io+mem,owns=io+mem,locks=none
[    0.771766] vgaarb: loaded
[    0.772710] vgaarb: bridge control possible 0000:00:02.0
[    0.775163] SCSI subsystem initialized
[    0.776630] ACPI: bus type USB registered
[    0.777875] usbcore: registered new interface driver usbfs
[    0.779290] usbcore: registered new interface driver hub
[    0.780655] usbcore: registered new device driver usb
[    0.782181] PCI: Using ACPI for IRQ routing
[    0.783609] NetLabel: Initializing
[    0.784583] NetLabel:  domain hash size = 128
[    0.785830] NetLabel:  protocols = UNLABELED CIPSOv4
[    0.791569] NetLabel:  unlabeled traffic allowed by default
[    0.793810] amd_nb: Cannot enumerate AMD northbridges
[    0.795733] clocksource: Switched to clocksource kvm-clock
[    0.815926] AppArmor: AppArmor Filesystem Enabled
[    0.818131] pnp: PnP ACPI init
[    0.821120] pnp: PnP ACPI: found 3 devices
[    0.835265] clocksource: acpi_pm: mask: 0xffffff max_cycles: 0xffffff, max_idle_ns: 2085701024 ns
[    0.839174] NET: Registered protocol family 2
[    0.842489] TCP established hash table entries: 8192 (order: 4, 65536 bytes)
[    0.845096] TCP bind hash table entries: 8192 (order: 5, 131072 bytes)
[    0.847590] TCP: Hash tables configured (established 8192 bind 8192)
[    0.849812] UDP hash table entries: 512 (order: 2, 16384 bytes)
[    0.851821] UDP-Lite hash table entries: 512 (order: 2, 16384 bytes)
[    0.854803] NET: Registered protocol family 1
[    0.857655] pci 0000:00:00.0: Limiting direct PCI/PCI transfers
[    0.860011] pci 0000:00:01.0: Activating ISA DMA hang workarounds
[    0.862268] Unpacking initramfs...
[    1.193130] Freeing initrd memory: 14824K
[    1.194536] clocksource: tsc: mask: 0xffffffffffffffff max_cycles: 0x2717880cafa, max_idle_ns: 440795252614 ns
[    1.197302] platform rtc_cmos: registered platform RTC device (no PNP device found)
[    1.199641] Scanning for low memory corruption every 60 seconds
[    1.201565] audit: initializing netlink subsys (disabled)
[    1.203179] audit: type=2000 audit(1564588672.134:1): initialized
[    1.205583] Initialise system trusted keyring
[    1.207465] HugeTLB registered 2 MB page size, pre-allocated 0 pages
[    1.210677] zbud: loaded
[    1.212043] VFS: Disk quotas dquot_6.6.0
[    1.213153] VFS: Dquot-cache hash table entries: 512 (order 0, 4096 bytes)
[    1.215060] squashfs: version 4.0 (2009/01/31) Phillip Lougher
[    1.217477] fuse init (API version 7.23)
[    1.218656] Key type big_key registered
[    1.219963] Allocating IMA MOK and blacklist keyrings.
[    1.223436] Key type asymmetric registered
[    1.224661] Asymmetric key parser 'x509' registered
[    1.226263] Block layer SCSI generic (bsg) driver version 0.4 loaded (major 249)
[    1.228650] io scheduler noop registered
[    1.229824] io scheduler deadline registered (default)
[    1.231338] io scheduler cfq registered
[    1.232663] pci_hotplug: PCI Hot Plug PCI Core version: 0.5
[    1.234234] pciehp: PCI Express Hot Plug Controller Driver version: 0.4
[    1.236265] ACPI: AC Adapter [AC] (on-line)
[    1.237519] input: Power Button as /devices/LNXSYSTM:00/LNXPWRBN:00/input/input0
[    1.239645] ACPI: Power Button [PWRF]
[    1.240973] input: Sleep Button as /devices/LNXSYSTM:00/LNXSLPBN:00/input/input1
[    1.243102] ACPI: Sleep Button [SLPF]
[    1.244477] GHES: HEST is not enabled!
[    1.246428] ACPI: Battery Slot [BAT0] (battery present)
[    1.247976] Serial: 8250/16550 driver, 32 ports, IRQ sharing enabled
[    1.270310] 00:02: ttyS0 at I/O 0x3f8 (irq = 4, base_baud = 115200) is a 16550A
[    1.275694] Linux agpgart interface v0.103
[    1.279704] loop: module loaded
[    1.282256] scsi host0: ata_piix
[    1.283866] scsi host1: ata_piix
[    1.285437] ata1: PATA max UDMA/33 cmd 0x1f0 ctl 0x3f6 bmdma 0xd000 irq 14
[    1.287589] ata2: PATA max UDMA/33 cmd 0x170 ctl 0x376 bmdma 0xd008 irq 15
[    1.290013] libphy: Fixed MDIO Bus: probed
[    1.291371] tun: Universal TUN/TAP device driver, 1.6
[    1.292856] tun: (C) 1999-2004 Max Krasnyansky <maxk@qualcomm.com>
[    1.294769] PPP generic driver version 2.4.2
[    1.296251] ehci_hcd: USB 2.0 'Enhanced' Host Controller (EHCI) Driver
[    1.297777] ehci-pci: EHCI PCI platform driver
[    1.299074] ehci-platform: EHCI generic platform driver
[    1.300415] ohci_hcd: USB 1.1 'Open' Host Controller (OHCI) Driver
[    1.302119] ohci-pci: OHCI PCI platform driver
[    1.303484] ohci-platform: OHCI generic platform driver
[    1.304808] uhci_hcd: USB Universal Host Controller Interface driver
[    1.306720] i8042: PNP: PS/2 Controller [PNP0303:PS2K,PNP0f03:PS2M] at 0x60,0x64 irq 1,12
[    1.309525] serio: i8042 KBD port at 0x60,0x64 irq 1
[    1.310819] serio: i8042 AUX port at 0x60,0x64 irq 12
[    1.312542] mousedev: PS/2 mouse device common for all mice
[    1.315356] input: AT Translated Set 2 keyboard as /devices/platform/i8042/serio0/input/input2
[    1.318973] rtc_cmos rtc_cmos: rtc core: registered rtc_cmos as rtc0
[    1.321425] rtc_cmos rtc_cmos: alarms up to one day, 114 bytes nvram
[    1.323434] i2c /dev entries driver
[    1.324571] device-mapper: uevent: version 1.0.3
[    1.326031] device-mapper: ioctl: 4.34.0-ioctl (2015-10-28) initialised: dm-devel@redhat.com
[    1.328363] ledtrig-cpu: registered to indicate activity on CPUs
[    1.330255] NET: Registered protocol family 10
[    1.331883] NET: Registered protocol family 17
[    1.333042] Key type dns_resolver registered
[    1.334879] registered taskstats version 1
[    1.335990] Loading compiled-in X.509 certificates
[    1.337949] Loaded X.509 cert 'Build time autogenerated kernel key: 3e01e6df98386236d59670e6b2ed19a044d5324e'
[    1.340755] zswap: loaded using pool lzo/zbud
[    1.344123] Key type trusted registered
[    1.348738] Key type encrypted registered
[    1.350143] AppArmor: AppArmor sha1 policy hashing enabled
[    1.351543] ima: No TPM chip found, activating TPM-bypass!
[    1.352928] ima: Allocated hash algorithm: sha1
[    1.354128] evm: HMAC attrs: 0x1
[    1.355679]   Magic number: 11:370:994
[    1.357160] rtc_cmos rtc_cmos: setting system clock to 2019-07-31 15:57:47 UTC (1564588667)
[    1.359479] BIOS EDD facility v0.16 2004-Jun-25, 0 devices found
[    1.360999] EDD information not available.
[    1.449271] Freeing unused kernel memory: 1484K
[    1.450492] Write protecting the kernel read-only data: 14336k
[    1.452800] Freeing unused kernel memory: 1612K
[    1.454460] Freeing unused kernel memory: 64K
Loading, please wait...
starting version 229
[    1.473130] random: systemd-udevd: uninitialized urandom read (16 bytes read, 3 bits of entropy available)
[    1.474047] random: udevadm: uninitialized urandom read (16 bytes read, 3 bits of entropy available)
[    1.474076] random: udevadm: uninitialized urandom read (16 bytes read, 3 bits of entropy available)
[    1.484228] random: systemd-udevd: uninitialized urandom read (16 bytes read, 3 bits of entropy available)
[    1.484623] random: udevadm: uninitialized urandom read (16 bytes read, 3 bits of entropy available)
[    1.484682] random: udevadm: uninitialized urandom read (16 bytes read, 3 bits of entropy available)
[    1.484913] random: udevadm: uninitialized urandom read (16 bytes read, 3 bits of entropy available)
[    1.484995] random: udevadm: uninitialized urandom read (16 bytes read, 3 bits of entropy available)
[    1.485070] random: udevadm: uninitialized urandom read (16 bytes read, 3 bits of entropy available)
[    1.485147] random: udevadm: uninitialized urandom read (16 bytes read, 3 bits of entropy available)
[    1.556973] e1000: Intel(R) PRO/1000 Network Driver - version 7.3.21-k8-NAPI
[    1.559675] e1000: Copyright (c) 1999-2006 Intel Corporation.
[    1.563557] Fusion MPT base driver 3.04.20
[    1.565348] Copyright (c) 1999-2008 LSI Corporation
[    1.577167] Fusion MPT SPI Host driver 3.04.20
[    1.589626] AVX2 version of gcm_enc/dec engaged.
[    1.591515] AES CTR mode by8 optimization enabled
[    1.781060] input: ImExPS/2 Generic Explorer Mouse as /devices/platform/i8042/serio1/input/input4
[    1.995512] e1000 0000:00:03.0 eth0: (PCI:33MHz:32-bit) 02:c2:66:bb:16:6d
[    1.997521] e1000 0000:00:03.0 eth0: Intel(R) PRO/1000 Network Connection
[    2.002663] e1000 0000:00:03.0 enp0s3: renamed from eth0
[    2.004835] mptbase: ioc0: Initiating bringup
[    2.083536] ioc0: LSI53C1030 A0: Capabilities={Initiator}
[    3.302800] scsi host2: ioc0: LSI53C1030 A0, FwRev=00000000h, Ports=1, MaxQ=256, IRQ=20
[    4.051464] scsi 2:0:0:0: Direct-Access     VBOX     HARDDISK         1.0  PQ: 0 ANSI: 5
[    4.053997] scsi target2:0:0: Beginning Domain Validation
[    4.057955] scsi target2:0:0: Domain Validation skipping write tests
[    4.059493] scsi target2:0:0: Ending Domain Validation
[    4.061032] scsi target2:0:0: asynchronous
[    4.063388] scsi 2:0:1:0: Direct-Access     VBOX     HARDDISK         1.0  PQ: 0 ANSI: 5
[    4.066292] scsi target2:0:1: Beginning Domain Validation
[    4.070940] scsi target2:0:1: Domain Validation skipping write tests
[    4.072614] scsi target2:0:1: Ending Domain Validation
[    4.074068] scsi target2:0:1: asynchronous
[    4.082565] sd 2:0:0:0: Attached scsi generic sg0 type 0
[    4.084474] sd 2:0:0:0: [sda] 20971520 512-byte logical blocks: (10.7 GB/10.0 GiB)
[    4.101536] sd 2:0:1:0: [sdb] 20480 512-byte logical blocks: (10.5 MB/10.0 MiB)
[    4.104167] sd 2:0:1:0: Attached scsi generic sg1 type 0
[    4.105944] sd 2:0:1:0: [sdb] Write Protect is off
[    4.107408] sd 2:0:0:0: [sda] Write Protect is off
[    4.107464] sd 2:0:1:0: [sdb] Incomplete mode parameter data
[    4.107465] sd 2:0:1:0: [sdb] Assuming drive cache: write through
[    4.113011] sd 2:0:0:0: [sda] Incomplete mode parameter data
[    4.113983] sd 2:0:1:0: [sdb] Attached SCSI disk
[    4.115856] sd 2:0:0:0: [sda] Assuming drive cache: write through
[    4.120217]  sda: sda1
[    4.122363] sd 2:0:0:0: [sda] Attached SCSI disk
Begin: Loading essential drivers ... [    5.715555] md: linear personality registered for level -1
[    5.720281] md: multipath personality registered for level -4
[    5.725516] md: raid0 personality registered for level 0
[    5.733279] md: raid1 personality registered for level 1
[    5.807891] raid6: sse2x1   gen()  9319 MB/s
[    5.876193] raid6: sse2x1   xor()  7783 MB/s
[    5.943754] raid6: sse2x2   gen() 11792 MB/s
[    6.011901] raid6: sse2x2   xor()  8110 MB/s
[    6.080259] raid6: sse2x4   gen() 13108 MB/s
[    6.148551] raid6: sse2x4   xor()  9875 MB/s
[    6.215922] raid6: avx2x1   gen() 20306 MB/s
[    6.284157] raid6: avx2x2   gen() 22170 MB/s
[    6.352502] raid6: avx2x4   gen() 23333 MB/s
[    6.354316] raid6: using algorithm avx2x4 gen() 23333 MB/s
[    6.356594] raid6: using avx2x2 recovery algorithm
[    6.360226] xor: automatically using best checksumming function:
[    6.399899]    avx       : 22356.000 MB/sec
[    6.402649] async_tx: api initialized (async)
[    6.417272] md: raid6 personality registered for level 6
[    6.419096] md: raid5 personality registered for level 5
[    6.420751] md: raid4 personality registered for level 4
[    6.430982] md: raid10 personality registered for level 10
done.
Begin: Running /scripts/init-premount ... done.
Begin: Mounting root file system ... Begin: Running /scripts/local-top ... done.
Begin: Running /scripts/local-premount ... [    6.470114] Btrfs loaded
Scanning for Btrfs filesystems
done.
Warning: fsck not present, so skipping root file system
[    6.507247] EXT4-fs (sda1): mounted filesystem with ordered data mode. Opts: (null)
done.
Begin: Running /scripts/local-bottom ... done.
Begin: Running /scripts/init-bottom ... done.
[    6.625097] systemd[1]: systemd 229 running in system mode. (+PAM +AUDIT +SELINUX +IMA +APPARMOR +SMACK +SYSVINIT +UTMP +LIBCRYPTSETUP +GCRYPT +GNUTLS +ACL +XZ -LZ4 +SECCOMP +BLKID +ELFUTILS +KMOD -IDN)
[    6.629393] systemd[1]: Detected virtualization oracle.
[    6.630673] systemd[1]: Detected architecture x86-64.

Welcome to [1mUbuntu 16.04.6 LTS[0m!

[    6.635044] systemd[1]: Set hostname to <ubuntu>.
[    6.638368] systemd[1]: Initializing machine ID from random generator.
[    6.640013] systemd[1]: Installed transient /etc/machine-id file.
[    6.806265] systemd[1]: Created slice User and Session Slice.
[[0;32m  OK  [0m] Created slice User and Session Slice.
[    6.809075] systemd[1]: Listening on Journal Audit Socket.
[[0;32m  OK  [0m] Listening on Journal Audit Socket.
[    6.811496] systemd[1]: Reached target Swap.
[[0;32m  OK  [0m] Reached target Swap.
[    6.813688] systemd[1]: Reached target Encrypted Volumes.
[[0;32m  OK  [0m] Reached target Encrypted Volumes.
[    7.196678] systemd[1]: Reached target User and Group Name Lookups.
[[0;32m  OK  [0m] Reached target User and Group Name Lookups.
[    7.212954] systemd[1]: Listening on Journal Socket.
[[0;32m  OK  [0m] Listening on Journal Socket.
[    7.215790] systemd[1]: Started Forward Password Requests to Wall Directory Watch.
[[0;32m  OK  [0m] Started Forward Password Requests to Wall Directory Watch.
[    7.234430] systemd[1]: Listening on udev Kernel Socket.
[[0;32m  OK  [0m] Listening on udev Kernel Socket.
[    7.302801] systemd[1]: Listening on Journal Socket (/dev/log).
[[0;32m  OK  [0m] Listening on Journal Socket (/dev/log).
[    7.305532] systemd[1]: Listening on LVM2 poll daemon socket.
[[0;32m  OK  [0m] Listening on LVM2 poll daemon socket.
[    7.309738] systemd[1]: Created slice System Slice.
[[0;32m  OK  [0m] Created slice System Slice.
[    7.328602] systemd[1]: Starting Create list of required static device nodes for the current kernel...
         Starting Create list of required st... nodes for the current kernel...
[    7.340999] systemd[1]: Starting Nameserver information manager...
         Starting Nameserver information manager...
[    7.344186] systemd[1]: Reached target Slices.
[[0;32m  OK  [0m] Reached target Slices.
[    7.353026] systemd[1]: Starting Remount Root and Kernel File Systems...
         Starting Remount Root and Kernel File Systems...
[    7.357125] systemd[1]: Set up automount Arbitrary Executable File Formats File System Automount Point.
[[0;32m  OK  [0m] Set up automount Arbitrary Executab...ats File System Automount Point.
[    7.362229] systemd[1]: Reached target System Time Synchronized.
[    7.364173] EXT4-fs (sda1): re-mounted. Opts: (null)
[[0;32m  OK  [0m] Reached target System Time Synchronized.
[    7.366783] systemd[1]: Created slice system-serial\x2dgetty.slice.
[[0;32m  OK  [0m] Created slice system-serial\x2dgetty.slice.
[    7.370201] systemd[1]: Listening on /dev/initctl Compatibility Named Pipe.
[[0;32m  OK  [0m] Listening on /dev/initctl Compatibility Named Pipe.
[    7.373824] systemd[1]: Starting Uncomplicated firewall...
         Starting Uncomplicated firewall...
[    7.379019] systemd[1]: Starting Load Kernel Modules...
         Starting Load Kernel Modules...
[    7.381867] systemd[1]: Listening on udev Control Socket.
[[0;32m  OK  [0m] Listening on udev Control Socket.
[    7.385832] systemd[1]: Listening on Syslog Socket.
[[0;32m  OK  [0m] Listening on Syslog Socket.
[    7.390594] systemd[1]: Starting Journal Service...
         Starting Journal Service...
[    7.392953] Loading iSCSI transport class v2.0-870.
[    7.395314] systemd[1]: Mounting POSIX Message Queue File System...
         Mounting POSIX Message Queue File System...
[    7.404428] systemd[1]: Mounting Huge Pages File System...
         Mounting Huge Pages File System...
[    7.408539] systemd[1]: Listening on Device-mapper event daemon FIFOs.
[[0;32m  OK  [0m] Listening on Device-mapper event daemon FIFOs.
[    7.412439] systemd[1]: Mounting Debug File System...
[    7.413840] iscsi: registered transport (tcp)
         Mounting Debug File System...
[    7.416784] systemd[1]: Started Trigger resolvconf update for networkd DNS.
[[0;32m  OK  [0m] Started Trigger resolvconf update for networkd DNS.
[    7.424936] systemd[1]: Starting Set console keymap...
         Starting Set console keymap...
[    7.428525] systemd[1]: Listening on LVM2 metadata daemon socket.
[[0;32m  OK  [0m] Listening on LVM2 metadata daemon socket.
[    7.433140] systemd[1]: Starting Monitoring of LVM2 mirrors, snapshots etc. using dmeventd or progress polling...
         Starting Monitoring of LVM2 mirrors... dmeventd or progress polling...
[    7.441302] systemd[1]: Mounted Huge Pages File System.
[[0;32m  OK  [0m] Mounted Huge Pages File System.
[    7.444635] systemd[1]: Mounted Debug File System.
[[0;32m  OK  [0m] Mounted Debug File System.
[    7.448944] systemd[1]: Mounted POSIX Message Queue File System.
[[0;32m  OK  [0m] Mounted POSIX Message Queue File System.
[    7.460552] systemd[1]: Started Create list of required static device nodes for the current kernel.
[[0;32m  OK  [0m] Started Create list of required sta...ce nodes for the current kernel.
[    7.497521] systemd[1]: Started Remount Root and Kernel File Systems.
[[0;32m  OK  [0m] Started Remount Root and Kernel File Systems.
[    7.507056] systemd[1]: Started Uncomplicated firewall.
[[0;32m  OK  [0m] Started Uncomplicated firewall.
[    7.515290] systemd[1]: Started Nameserver information manager.
[[0;32m  OK  [0m] Started Nameserver information manager.
[    7.530115] systemd[1]: Started Journal Service.
[[0;32m  OK  [0m] Started Journal Service.
[    7.555928] iscsi: registered transport (iser)
[[0;32m  OK  [0m] Started Load Kernel Modules.
[[0;32m  OK  [0m] Started Set console keymap.
         Starting Apply Kernel Variables...
         Mounting FUSE Control File System...
[[0;32m  OK  [0m] Started LVM2 metadata daemon.
         Starting udev Coldplug all Devices...
         Starting Load/Save Random Seed...
         Starting Flush Journal to Persistent Storage...
         Starting Create Static Device Nodes in /dev...
[[0;32m  OK  [0m] Mounted FUSE Control File System.
[[0;32m  OK  [0m] Started Apply Kernel Variables.
[[0;32m  OK  [0m] Started Load/Save Random Seed.
[[0;32m  OK  [0m] Started Create Static Device Nodes in /dev.
[[0;32m  OK  [0m] Started udev Coldplug all Devices.
[[0;32m  OK  [0m] Started Flush Journal to Persistent Storage.
         Starting udev Kernel Device Manager...
[[0;32m  OK  [0m] Started udev Kernel Device Manager.
[[0;32m  OK  [0m] Started Dispatch Password Requests to Console Directory Watch.
[[0;32m  OK  [0m] Started Monitoring of LVM2 mirrors,...ng dmeventd or progress polling.
[[0;32m  OK  [0m] Reached target Local File Systems (Pre).
[[0;32m  OK  [0m] Reached target Local File Systems.
         Starting Set console font and keymap...
         Starting Commit a transient machine-id on disk...
         Starting Create Volatile Files and Directories...
         Starting LSB: AppArmor initialization...
         Starting Initial cloud-init job (pre-networking)...
         Starting Tell Plymouth To Write Out Runtime Data...
[[0;32m  OK  [0m] Started Create Volatile Files and Directories.
[[0;32m  OK  [0m] Started Commit a transient machine-id on disk.
[[0;32m  OK  [0m] Started Tell Plymouth To Write Out Runtime Data.
         Starting Update UTMP about System Boot/Shutdown...
[[0;32m  OK  [0m] Started Update UTMP about System Boot/Shutdown.
[[0;32m  OK  [0m] Found device /dev/ttyS0.
[[0;32m  OK  [0m] Listening on Load/Save RF Kill Switch Status /dev/rfkill Watch.
[    9.704156] cloud-init[492]: Cloud-init v. 19.1-1-gbaa47854-0ubuntu1~16.04.1 running 'init-local' at Wed, 31 Jul 2019 15:57:55 +0000. Up 8.92 seconds.
[[0;32m  OK  [0m] Started Initial cloud-init job (pre-networking).
[[0;32m  OK  [0m] Reached target Network (Pre).
[[0;32m  OK  [0m] Started LSB: AppArmor initialization.
         Starting Raise network interfaces...
[[0;32m  OK  [0m] Started Set console font and keymap.
[[0;32m  OK  [0m] Created slice system-getty.slice.
[[0;32m  OK  [0m] Started Raise network interfaces.
         Starting Initial cloud-init job (metadata service crawler)...
[[0;32m  OK  [0m] Reached target Network.
[   11.931401] cloud-init[947]: Cloud-init v. 19.1-1-gbaa47854-0ubuntu1~16.04.1 running 'init' at Wed, 31 Jul 2019 15:57:57 +0000. Up 11.13 seconds.
[   11.934240] cloud-init[947]: ci-info: ++++++++++++++++++++++++++++++++++++++Net device info++++++++++++++++++++++++++++++++++++++
[   11.936937] cloud-init[947]: ci-info: +--------+------+----------------------------+---------------+--------+-------------------+
[   11.944446] cloud-init[947]: ci-info: | Device |  Up  |          Address           |      Mask     | Scope  |     Hw-Address    |
[   11.947475] cloud-init[947]: ci-info: +--------+------+----------------------------+---------------+--------+-------------------+
[   11.954869] cloud-init[947]: ci-info: | enp0s3 | True |         10.0.2.15          | 255.255.255.0 | global | 02:c2:66:bb:16:6d |
[   11.961301] cloud-init[947]: ci-info: | enp0s3 | True | fe80::c2:66ff:febb:166d/64 |       .       |  link  | 02:c2:66:bb:16:6d |
[   11.965020] cloud-init[947]: ci-info: |   lo   | True |         127.0.0.1          |   255.0.0.0   |  host  |         .         |
[   11.972818] cloud-init[947]: ci-info: |   lo   | True |          ::1/128           |       .       |  host  |         .         |
[   11.980618] cloud-init[947]: ci-info: +--------+------+----------------------------+---------------+--------+-------------------+
[   11.984478] cloud-init[947]: ci-info: +++++++++++++++++++++++++++Route IPv4 info++++++++++++++++++++++++++++
[   11.988502] cloud-init[947]: ci-info: +-------+-------------+----------+---------------+-----------+-------+
[   11.992374] cloud-init[947]: ci-info: | Route | Destination | Gateway  |    Genmask    | Interface | Flags |
[   11.995436] cloud-init[947]: ci-info: +-------+-------------+----------+---------------+-----------+-------+
[   11.998624] cloud-init[947]: ci-info: |   0   |   0.0.0.0   | 10.0.2.2 |    0.0.0.0    |   enp0s3  |   UG  |
[   12.000743] cloud-init[947]: ci-info: |   1   |   10.0.2.0  | 0.0.0.0  | 255.255.255.0 |   enp0s3  |   U   |
[   12.009128] cloud-init[947]: ci-info: +-------+-------------+----------+---------------+-----------+-------+
[   12.012535] cloud-init[947]: ci-info: +++++++++++++++++++Route IPv6 info+++++++++++++++++++
[   12.017188] cloud-init[947]: ci-info: +-------+-------------+---------+-----------+-------+
[   12.019642] cloud-init[947]: ci-info: | Route | Destination | Gateway | Interface | Flags |
[   12.021868] cloud-init[947]: ci-info: +-------+-------------+---------+-----------+-------+
[   12.024390] cloud-init[947]: ci-info: |   0   |  fe80::/64  |    ::   |   enp0s3  |   U   |
[   12.026564] cloud-init[947]: ci-info: |   3   |   ff00::/8  |    ::   |   enp0s3  |   U   |
[   12.029151] cloud-init[947]: ci-info: +-------+-------------+---------+-----------+-------+
[   12.032142] cloud-init[947]: Generating public/private rsa key pair.
[   12.034294] cloud-init[947]: Your identification has been saved in /etc/ssh/ssh_host_rsa_key.
[   12.037151] cloud-init[947]: Your public key has been saved in /etc/ssh/ssh_host_rsa_key.pub.
[   12.039942] cloud-init[947]: The key fingerprint is:
[   12.043090] cloud-init[947]: SHA256:3IJvma6yJ/idmgI6pWnnA9O5FCLoeY/bU75hWCodOt8 root@ubuntu-xenial
[   12.049650] cloud-init[947]: The key's randomart image is:
[   12.052045] cloud-init[947]: +---[RSA 2048]----+
[   12.054978] cloud-init[947]: |                 |
[   12.056623] cloud-init[947]: |                 |
[   12.058606] cloud-init[947]: |.                |
[   12.061176] cloud-init[947]: |o. .   o .       |
[   12.063063] cloud-init[947]: |o + o...S .      |
[   12.065298] cloud-init[947]: |.=.=o =o +       |
[   12.067338] cloud-init[947]: |.===++oo=        |
[   12.071581] cloud-init[947]: |=.o=B=+=.        |
[   12.081121] cloud-init[947]: |..o=BO=Eo        |
[   12.082827] cloud-init[947]: +----[SHA256]-----+
[   12.087022] cloud-init[947]: Generating public/private dsa key pair.
[   12.089156] cloud-init[947]: Your identification has been saved in /etc/ssh/ssh_host_dsa_key.
[   12.091549] cloud-init[947]: Your public key has been saved in /etc/ssh/ssh_host_dsa_key.pub.
[   12.094223] cloud-init[947]: The key fingerprint is:
[   12.096258] cloud-init[947]: SHA256:biWjDq+XLNwXUjdAIlyrNah/1ggSWEtAQfMyshZ+LvA root@ubuntu-xenial
[   12.104719] cloud-init[947]: The key's randomart image is:
[   12.107340] cloud-init[947]: +---[DSA 1024]----+
[   12.110122] cloud-init[947]: |+*+...o..        |
[[0;32m  OK  [0m] Started Initial cloud-init job (metadata service crawler).
[   12.116741] cloud-init[947]: | +o..o o.        |
[   12.125173] [[0;32m  OK  [0m] Reached target Network is Online.
cloud-init[947]: |o+o.. +  .       |
[   12.128264] cloud-init[947]: |o.+o o .. o      |
[   12.129427] cloud-init[947]: |ooo.o  .S...     |
[   12.130623] cloud-init[947]: |o.oo ..=.+       |
[   12.131731] cloud-init[947]: | .Eooo=o+.       |
[   12.132883] cloud-init[947]: |  . o*=..        |
[   12.134014] cloud-init[947]: |    .+o.         |
[   12.135106] cloud-init[947]: +----[SHA256]-----+
[   12.136348] cloud-init[947]: Generating public/private ecdsa key pair.
[   12.137764] cloud-init[947]: Your identification has been saved in /etc/ssh/ssh_host_ecdsa_key.
[   12.139510]          Starting iSCSI initiator daemon (iscsid)...
[[0;32m  OK  [0m] Reached target Cloud-config availability.
[[0;32m  OK  [0m] Reached target System Initialization.
[[0;32m  OK  [0m] Listening on ACPID Listen Socket.
[[0;32m  OK  [0m] Listening on D-Bus System Message Bus Socket.
[[0;32m  OK  [0m] Listening on UUID daemon activation socket.
[[0;32m  OK  [0m] Started Daily apt download activities.
[[0;32m  OK  [0m] Started Daily apt upgrade and clean activities.
         Starting Socket activation for snappy daemon.
cloud-init[947]: Your public key has been saved in /etc/ssh/ssh_host_ecdsa_key.pub.         Starting LXD - unix socket.
[[0;32m  OK  [0m] Started ACPI Events Check.
[[0;32m  OK  [0m] Reached target Paths.
[[0;32m  OK  [0m] Started Daily Cleanup of Temporary Directories.
[[0;32m  OK  [0m] Reached target Timers.

[   12.156407] cloud-init[947]: The key fingerprint is:
[   12.158472] cloud-init[947]: SHA256:8vM5xqN0gRoukVTmAN1waS6SK4m52wJBlWV7WDmWDsA root@ubuntu-xenial[
[0;32m  OK  [0m] Listening on Socket activation for snappy daemon.
[   12.163546] cloud-init[947]: The key's randomart image is:
[   12.165598] cloud-init[[0;32m  OK  [0m] Listening on LXD - unix socket.
[947]: +---[ECDSA 256]---+
[   12.169086] cloud-init[947]: |  +=*=+oo        |
[   12.171365] cloud-init[947]: | . EoBB=         |
[   12.175130] cloud-init[947]: |.  ..==..        |
[   12.178855] [[0;32m  OK  [0m] Started iSCSI initiator daemon (iscsid).
cloud-init[947]: |. o...o. .       |
[   12.181740] cloud-init[947]: |.+ oo.o S .      |
[   12.183300] cloud-init[947]: |* .  o =   .     |
[   12.184921] cloud-init[947]: |.o  . o +..      |
[   12.186848] cloud-init[947]: |o.   . . +=.     |
[   12.188701] cloud-init[947]: |.o.     .ooo     |
[   12.190578] cloud-init[947]: +----[SHA256]-----+
[   12.191924] cloud-init[947]: Generating public/private ed25519 key pair.
[   12.193447] cloud-init[947]: Your identification has been saved in /etc/ssh/ssh_host_ed25519_key.
[   12.195387] cloud-init[947]: Your public key has been saved in /etc/ssh/ssh_host_ed25519_key.pub.
[   12.197180] cloud-init[947]: The key fingerprint is:
[   12.198319] cloud-init[947]: SHA256:MBQC7zh/q8XlYHpBSfj2zQpyEhCvpruKGYbsf3S7nqM root@ubuntu-xenial
[   12.200569] cloud-init[947]: The key's randomart image is:
[   12.202185] cloud-init[947]: +--[ED25519 256]--+
[   12.203589] cloud-init         Starting Login to default iSCSI targets...
[[0;32m  OK  [0m] Reached target Sockets.
[[0;32m  OK  [0m] Reached target Basic System.
[[0;32m  OK  [0m] Started FUSE filesystem for LXC.
[947]: |  oo..+.         |[[0;32m  OK  [0m] Started Deferred execution scheduler.
         Starting LXD - container startup/shutdown...

[   12.213277] cloud-init[947]: |  .o.+ .         |
         Starting Virtualbox guest utils...
[   12.217937]          Starting Login Service...
cloud-init[947]: |   .o.=          |
[   12.233644] cloud-init[947]: |   +..oo         |
[   12.234066] cloud-init[947]: |  = .o+.So       |
[   12.234739] cloud-init[947]: |oo oo=o*. o      |
[   12.235381] cloud-init[947]: |+o  ++*.o.       |
[   12.235795] [[0;32m  OK  [0m] Started ACPI event daemon.
cloud-init[947]: |++   = +o        |
         Starting Accounts Service...
[   12.246237] cloud-init[947]: |Bo..oE++o        |
[   12.247990] cloud-init[947]: +----[SHA256]-----+
         Starting LSB: Record successful boot for GRUB...
         Starting System Logging Service...
[[0;32m  OK  [0m] Started D-Bus System Message Bus.
         Starting LSB: MD monitoring daemon...
[[0;32m  OK  [0m] Started Regular background program processing daemon.
         Starting Snappy daemon...
         Starting /etc/rc.local Compatibility...
         Starting Pollinate to seed the pseudo random number generator...
[[0;32m  OK  [0m] Started System Logging Service.
[[0;32m  OK  [0m] Started /etc/rc.local Compatibility.
[[0;32m  OK  [0m] Started LXD - container startup/shutdown.
[[0;32m  OK  [0m] Started Login to default iSCSI targets.
[[0;32m  OK  [0m] Started LSB: MD monitoring daemon.
[[0;32m  OK  [0m] Started LSB: Record successful boot for GRUB.
[[0;32m  OK  [0m] Started Login Service.
[[0;32m  OK  [0m] Started Unattended Upgrades Shutdown.
         Starting Authenticate and Authorize Users to Run Privileged Tasks...
[[0;32m  OK  [0m] Reached target Remote File Systems (Pre).
[[0;32m  OK  [0m] Reached target Remote File Systems.
         Starting LSB: daemon to balance interrupts for SMP systems...
         Starting LSB: Set the CPU Frequency Scaling governor to "ondemand"...
         Starting LSB: automatic crash report generation...
         Starting Permit User Sessions...
[[0;32m  OK  [0m] Started Permit User Sessions.
         Starting Hold until boot process finishes up...
         Starting Terminate Plymouth Boot Screen...
[[0;32m  OK  [0m] Started Virtualbox guest utils.
[[0;32m  OK  [0m] Started LSB: daemon to balance interrupts for SMP systems.
[[0;32m  OK  [0m] Started LSB: Set the CPU Frequency Scaling governor to "ondemand".
[[0;32m  OK  [0m] Started LSB: automatic crash report generation.
[[0;32m  OK  [0m] Started Hold until boot process finishes up.
[[0;32m  OK  [0m] Started Terminate Plymouth Boot Screen.
[[0;32m  OK  [0m] Started Authenticate and Authorize Users to Run Privileged Tasks.
[[0;32m  OK  [0m] Started Accounts Service.
[[0;32m  OK  [0m] Started Getty on tty1.
         Starting Set console scheme...
[[0;32m  OK  [0m] Started Serial Getty on ttyS0.
[[0;32m  OK  [0m] Reached target Login Prompts.
[[0;32m  OK  [0m] Started Snappy daemon.
[[0;32m  OK  [0m] Started Set console scheme.
         Starting Wait until snapd is fully seeded...
[[0;32m  OK  [0m] Started Pollinate to seed the pseudo random number generator.
         Starting OpenBSD Secure Shell server...
[[0;32m  OK  [0m] Started OpenBSD Secure Shell server.
[[0;32m  OK  [0m] Created slice User Slice of vagrant.
         Starting User Manager for UID 1000...
[[0;32m  OK  [0m] Started Session 1 of user vagrant.
[[0;32m  OK  [0m] Started User Manager for UID 1000.
[[0;32m  OK  [0m] Started Wait until snapd is fully seeded.
         Starting Apply the settings specified in cloud-config...
[[0;32m  OK  [0m] Reached target Multi-User System.
[[0;32m  OK  [0m] Reached target Graphical Interface.
         Starting Update UTMP about System Runlevel Changes...
[[0;32m  OK  [0m] Started Update UTMP about System Runlevel Changes.
[   14.914367] cloud-init[1374]: Generating locales (this might take a while)...
[   16.204243] cloud-init[1374]:   en_US.UTF-8... done
[   16.205940] cloud-init[1374]: Generation complete.
[   16.644108] cloud-init[1374]: Cloud-init v. 19.1-1-gbaa47854-0ubuntu1~16.04.1 running 'modules:config' at Wed, 31 Jul 2019 15:58:01 +0000. Up 14.68 seconds.
[[0;32m  OK  [0m] Started Apply the settings specified in cloud-config.
         Starting Execute cloud user/final scripts...
ci-info: no authorized ssh keys fingerprints found for user ubuntu.
<14>Jul 31 15:58:04 ec2: 
<14>Jul 31 15:58:04 ec2: #############################################################
<14>Jul 31 15:58:04 ec2: -----BEGIN SSH HOST KEY FINGERPRINTS-----
<14>Jul 31 15:58:04 ec2: 1024 SHA256:biWjDq+XLNwXUjdAIlyrNah/1ggSWEtAQfMyshZ+LvA root@ubuntu-xenial (DSA)
<14>Jul 31 15:58:04 ec2: 256 SHA256:8vM5xqN0gRoukVTmAN1waS6SK4m52wJBlWV7WDmWDsA root@ubuntu-xenial (ECDSA)
<14>Jul 31 15:58:04 ec2: 256 SHA256:MBQC7zh/q8XlYHpBSfj2zQpyEhCvpruKGYbsf3S7nqM root@ubuntu-xenial (ED25519)
<14>Jul 31 15:58:04 ec2: 2048 SHA256:3IJvma6yJ/idmgI6pWnnA9O5FCLoeY/bU75hWCodOt8 root@ubuntu-xenial (RSA)
<14>Jul 31 15:58:04 ec2: -----END SSH HOST KEY FINGERPRINTS-----
<14>Jul 31 15:58:04 ec2: #############################################################
-----BEGIN SSH HOST KEY KEYS-----
ecdsa-sha2-nistp256 AAAAE2VjZHNhLXNoYTItbmlzdHAyNTYAAAAIbmlzdHAyNTYAAABBBGb2NyWnTHAXpxL5n35/3ZMytRaMWFDUeqTN7uHiqyUHp6m82BTqX/a3abTMhRm9whtjCuW6ylrVl1dtsyyRmJ4= root@ubuntu-xenial
ssh-ed25519 AAAAC3NzaC1lZDI1NTE5AAAAIOHGo8BqHc0d36o6m1dGW/h7JbuPcZ1QUcwStHl0xTB1 root@ubuntu-xenial
ssh-rsa AAAAB3NzaC1yc2EAAAADAQABAAABAQCZdAL3r1Y/GXWfhCfSE2TEqja/6vVAycSXxgH1FrfqW/4VLwHr5ZycS6GKCkbyE0+B5KncGBD/qRhIFIS9JTeBMIyJwi5tHWkcQtlMGnOTPPnn6CzWSgtzO+Iqa0pmA9FwKdoVlzVrANAEECJgr5UoHlGriJfhRw45IFlULjWdzNL/1OMOvufrzPTVmoqleCxx8AM21QL+5v+2prnam5+k7Jh/TfqhkqX3L38E7nVB/teOZMnMgHSevJ0G+e58Pqn8FiV9WNaMlv+77E6FIaXbX9Jg8vJqgObtlyjKYgKgbIZKmNNP5iGEDP2E/2YUKWFmmT1WpatkJmtGo8vCGZC/ root@ubuntu-xenial
-----END SSH HOST KEY KEYS-----
[   17.557339] cloud-init[1538]: Cloud-init v. 19.1-1-gbaa47854-0ubuntu1~16.04.1 running 'modules:final' at Wed, 31 Jul 2019 15:58:03 +0000. Up 17.27 seconds.
[   17.560830] cloud-init[1538]: ci-info: no authorized ssh keys fingerprints found for user ubuntu.
[   17.562848] cloud-init[1538]: Cloud-init v. 19.1-1-gbaa47854-0ubuntu1~16.04.1 finished at Wed, 31 Jul 2019 15:58:04 +0000. Datasource DataSourceNoCloud [seed=/dev/sdb][dsmode=net].  Up 17.54 seconds
[[0;32m  OK  [0m] Started Execute cloud user/final scripts.
[[0;32m  OK  [0m] Reached target Cloud-init target.

Ubuntu 16.04.6 LTS ubuntu-xenial ttyS0

ubuntu-xenial login: 